* Starting client
* Connecting to master process on port 15371
* Analyzing classpath: 
  - /Users/Chris/Documents/Lab_Code/CS304_SE2019/Lab5/target/test-classes
  - /Users/Chris/Documents/Lab_Code/CS304_SE2019/Lab5/target/classes
  - /Users/Chris/.m2/repository/org/junit/jupiter/junit-jupiter-api/5.4.1/junit-jupiter-api-5.4.1.jar
  - /Users/Chris/.m2/repository/org/apiguardian/apiguardian-api/1.0.0/apiguardian-api-1.0.0.jar
  - /Users/Chris/.m2/repository/org/opentest4j/opentest4j/1.1.1/opentest4j-1.1.1.jar
  - /Users/Chris/.m2/repository/org/junit/platform/junit-platform-commons/1.4.1/junit-platform-commons-1.4.1.jar
  - /Users/Chris/.m2/repository/junit/junit/4.12/junit-4.12.jar
  - /Users/Chris/.m2/repository/org/hamcrest/hamcrest-core/1.3/hamcrest-core-1.3.jar
* Finished analyzing classpath
* Generating tests for class MessageBuilder
* Test criteria:
  - Line Coverage
  - Branch Coverage
  - Exception
  - Mutation testing (weak)
  - Method-Output Coverage
  - Top-Level Method Coverage
  - No-Exception Top-Level Method Coverage
  - Context Branch Coverage
* Setting up search algorithm for whole suite generation
* Loaded 11 tests from /Users/Chris/Documents/Lab_Code/CS304_SE2019/Lab5/.evosuite/evosuite-seeds/MessageBuilder.seed
* Total number of test goals: 
  - Line 12
  - Branch 11
  - Exception 0
  - MutationFactory 23
  - Output 3
  - Method 2
  - MethodNoException 2
  - CBranchFitnessFactory 11
* Using seed 1552894689570
* Starting evolution
* Search finished after 66s and 1592 generations, 275437 statements, best individual has fitness: 18.666666660302628
* Writing sequences to pool
* Minimizing test suite
* Going to analyze the coverage criteria
* Coverage analysis for criterion LINE
* Coverage of criterion LINE: 83%
* Total number of goals: 12
* Number of covered goals: 10
* Coverage analysis for criterion BRANCH
* Coverage of criterion BRANCH: 82%
* Total number of goals: 11
* Number of covered goals: 9
* Coverage analysis for criterion EXCEPTION
* Coverage of criterion EXCEPTION: 100%
* Total number of goals: 1
* Number of covered goals: 1
* Coverage analysis for criterion WEAKMUTATION
* Coverage of criterion WEAKMUTATION: 70%
* Total number of goals: 23
* Number of covered goals: 16
* Coverage analysis for criterion OUTPUT
* Coverage of criterion OUTPUT: 33%
* Total number of goals: 3
* Number of covered goals: 1
* Coverage analysis for criterion METHOD
* Coverage of criterion METHOD: 100%
* Total number of goals: 2
* Number of covered goals: 2
* Coverage analysis for criterion METHODNOEXCEPTION
* Coverage of criterion METHODNOEXCEPTION: 100%
* Total number of goals: 2
* Number of covered goals: 2
* Coverage analysis for criterion CBRANCH
* Coverage of criterion CBRANCH: 82%
* Total number of goals: 11
* Number of covered goals: 9
* Generated 5 tests with total length 10
* Resulting test suite's coverage: 81% (average coverage for all fitness functions)
* Generating assertions
* Resulting test suite's mutation score: 65%
* Compiling and checking tests
* Writing JUnit test case 'MessageBuilder_ESTest' to /Users/Chris/Documents/Lab_Code/CS304_SE2019/Lab5/.evosuite/tmp_2019_03_18_15_38_07/tests
* Done!

